[    0.000000] Initializing cgroup subsys cpuset
[    0.000000] Initializing cgroup subsys cpu
[    0.000000] Initializing cgroup subsys cpuacct
[    0.000000] Linux version 4.4.0-178-generic (buildd@lgw01-amd64-017) (gcc version 5.4.0 20160609 (Ubuntu 5.4.0-6ubuntu1~16.04.12) ) #208-Ubuntu SMP Sun Apr 5 23:45:10 UTC 2020 (Ubuntu 4.4.0-178.208-generic 4.4.217)
[    0.000000] Command line: BOOT_IMAGE=/boot/vmlinuz-4.4.0-178-generic root=LABEL=cloudimg-rootfs ro console=tty1 console=ttyS0
[    0.000000] KERNEL supported cpus:
[    0.000000]   Intel GenuineIntel
[    0.000000]   AMD AuthenticAMD
[    0.000000]   Centaur CentaurHauls
[    0.000000] x86/fpu: xstate_offset[2]:  576, xstate_sizes[2]:  256
[    0.000000] x86/fpu: Supporting XSAVE feature 0x01: 'x87 floating point registers'
[    0.000000] x86/fpu: Supporting XSAVE feature 0x02: 'SSE registers'
[    0.000000] x86/fpu: Supporting XSAVE feature 0x04: 'AVX registers'
[    0.000000] x86/fpu: Enabled xstate features 0x7, context size is 832 bytes, using 'standard' format.
[    0.000000] e820: BIOS-provided physical RAM map:
[    0.000000] BIOS-e820: [mem 0x0000000000000000-0x000000000009fbff] usable
[    0.000000] BIOS-e820: [mem 0x000000000009fc00-0x000000000009ffff] reserved
[    0.000000] BIOS-e820: [mem 0x00000000000f0000-0x00000000000fffff] reserved
[    0.000000] BIOS-e820: [mem 0x0000000000100000-0x00000000dffeffff] usable
[    0.000000] BIOS-e820: [mem 0x00000000dfff0000-0x00000000dfffffff] ACPI data
[    0.000000] BIOS-e820: [mem 0x00000000fec00000-0x00000000fec00fff] reserved
[    0.000000] BIOS-e820: [mem 0x00000000fee00000-0x00000000fee00fff] reserved
[    0.000000] BIOS-e820: [mem 0x00000000fffc0000-0x00000000ffffffff] reserved
[    0.000000] BIOS-e820: [mem 0x0000000100000000-0x000000011fffffff] usable
[    0.000000] NX (Execute Disable) protection: active
[    0.000000] SMBIOS 2.5 present.
[    0.000000] Hypervisor detected: KVM
[    0.000000] e820: last_pfn = 0x120000 max_arch_pfn = 0x400000000
[    0.000000] MTRR: Disabled
[    0.000000] x86/PAT: MTRRs disabled, skipping PAT initialization too.
[    0.000000] CPU MTRRs all blank - virtualized system.
[    0.000000] x86/PAT: Configuration [0-7]: WB  WT  UC- UC  WB  WT  UC- UC  
[    0.000000] e820: last_pfn = 0xdfff0 max_arch_pfn = 0x400000000
[    0.000000] found SMP MP-table at [mem 0x0009fff0-0x0009ffff] mapped at [ffff88000009fff0]
[    0.000000] Scanning 1 areas for low memory corruption
[    0.000000] RAMDISK: [mem 0x362e0000-0x37167fff]
[    0.000000] ACPI: Early table checksum verification disabled
[    0.000000] ACPI: RSDP 0x00000000000E0000 000024 (v02 VBOX  )
[    0.000000] ACPI: XSDT 0x00000000DFFF0030 00003C (v01 VBOX   VBOXXSDT 00000001 ASL  00000061)
[    0.000000] ACPI: FACP 0x00000000DFFF00F0 0000F4 (v04 VBOX   VBOXFACP 00000001 ASL  00000061)
[    0.000000] ACPI: DSDT 0x00000000DFFF0470 002325 (v02 VBOX   VBOXBIOS 00000002 INTL 20100528)
[    0.000000] ACPI: FACS 0x00000000DFFF0200 000040
[    0.000000] ACPI: FACS 0x00000000DFFF0200 000040
[    0.000000] ACPI: APIC 0x00000000DFFF0240 00005C (v02 VBOX   VBOXAPIC 00000001 ASL  00000061)
[    0.000000] ACPI: SSDT 0x00000000DFFF02A0 0001CC (v01 VBOX   VBOXCPUT 00000002 INTL 20100528)
[    0.000000] No NUMA configuration found
[    0.000000] Faking a node at [mem 0x0000000000000000-0x000000011fffffff]
[    0.000000] NODE_DATA(0) allocated [mem 0x11fff7000-0x11fffbfff]
[    0.000000] kvm-clock: Using msrs 4b564d01 and 4b564d00
[    0.000000] kvm-clock: cpu 0, msr 1:1ffef001, primary cpu clock
[    0.000000] kvm-clock: using sched offset of 4295742923 cycles
[    0.000000] clocksource: kvm-clock: mask: 0xffffffffffffffff max_cycles: 0x1cd42e4dffb, max_idle_ns: 881590591483 ns
[    0.000000] Zone ranges:
[    0.000000]   DMA      [mem 0x0000000000001000-0x0000000000ffffff]
[    0.000000]   DMA32    [mem 0x0000000001000000-0x00000000ffffffff]
[    0.000000]   Normal   [mem 0x0000000100000000-0x000000011fffffff]
[    0.000000]   Device   empty
[    0.000000] Movable zone start for each node
[    0.000000] Early memory node ranges
[    0.000000]   node   0: [mem 0x0000000000001000-0x000000000009efff]
[    0.000000]   node   0: [mem 0x0000000000100000-0x00000000dffeffff]
[    0.000000]   node   0: [mem 0x0000000100000000-0x000000011fffffff]
[    0.000000] Initmem setup node 0 [mem 0x0000000000001000-0x000000011fffffff]
[    0.000000] ACPI: PM-Timer IO Port: 0x4008
[    0.000000] IOAPIC[0]: apic_id 2, version 32, address 0xfec00000, GSI 0-23
[    0.000000] ACPI: INT_SRC_OVR (bus 0 bus_irq 0 global_irq 2 dfl dfl)
[    0.000000] ACPI: INT_SRC_OVR (bus 0 bus_irq 9 global_irq 9 low level)
[    0.000000] Using ACPI (MADT) for SMP configuration information
[    0.000000] smpboot: Allowing 2 CPUs, 0 hotplug CPUs
[    0.000000] PM: Registered nosave memory: [mem 0x00000000-0x00000fff]
[    0.000000] PM: Registered nosave memory: [mem 0x0009f000-0x0009ffff]
[    0.000000] PM: Registered nosave memory: [mem 0x000a0000-0x000effff]
[    0.000000] PM: Registered nosave memory: [mem 0x000f0000-0x000fffff]
[    0.000000] PM: Registered nosave memory: [mem 0xdfff0000-0xdfffffff]
[    0.000000] PM: Registered nosave memory: [mem 0xe0000000-0xfebfffff]
[    0.000000] PM: Registered nosave memory: [mem 0xfec00000-0xfec00fff]
[    0.000000] PM: Registered nosave memory: [mem 0xfec01000-0xfedfffff]
[    0.000000] PM: Registered nosave memory: [mem 0xfee00000-0xfee00fff]
[    0.000000] PM: Registered nosave memory: [mem 0xfee01000-0xfffbffff]
[    0.000000] PM: Registered nosave memory: [mem 0xfffc0000-0xffffffff]
[    0.000000] e820: [mem 0xe0000000-0xfebfffff] available for PCI devices
[    0.000000] Booting paravirtualized kernel on KVM
[    0.000000] clocksource: refined-jiffies: mask: 0xffffffff max_cycles: 0xffffffff, max_idle_ns: 7645519600211568 ns
[    0.000000] setup_percpu: NR_CPUS:512 nr_cpumask_bits:512 nr_cpu_ids:2 nr_node_ids:1
[    0.000000] PERCPU: Embedded 33 pages/cpu @ffff88011fc00000 s95448 r8192 d31528 u1048576
[    0.000000] Built 1 zonelists in Node order, mobility grouping on.  Total pages: 1032056
[    0.000000] Policy zone: Normal
[    0.000000] Kernel command line: BOOT_IMAGE=/boot/vmlinuz-4.4.0-178-generic root=LABEL=cloudimg-rootfs ro console=tty1 console=ttyS0
[    0.000000] PID hash table entries: 4096 (order: 3, 32768 bytes)
[    0.000000] Memory: 4028184K/4193848K available (8626K kernel code, 1336K rwdata, 4036K rodata, 1488K init, 1292K bss, 165664K reserved, 0K cma-reserved)
[    0.000000] SLUB: HWalign=64, Order=0-3, MinObjects=0, CPUs=2, Nodes=1
[    0.000000] Kernel/User page tables isolation: enabled
[    0.000000] Hierarchical RCU implementation.
[    0.000000] 	Build-time adjustment of leaf fanout to 64.
[    0.000000] 	RCU restricting CPUs from NR_CPUS=512 to nr_cpu_ids=2.
[    0.000000] RCU: Adjusting geometry for rcu_fanout_leaf=64, nr_cpu_ids=2
[    0.000000] NR_IRQS:33024 nr_irqs:440 16
[    0.000000] Console: colour VGA+ 80x25
[    0.000000] console [tty1] enabled
[    0.000000] console [ttyS0] enabled
[    0.000000] tsc: Detected 2111.954 MHz processor
[    1.702764] Calibrating delay loop (skipped) preset value.. 4223.90 BogoMIPS (lpj=8447816)
[    1.710735] pid_max: default: 32768 minimum: 301
[    1.713819] ACPI: Core revision 20150930
[    1.722486] ACPI: 2 ACPI AML tables successfully acquired and loaded
[    1.727289] Security Framework initialized
[    1.730153] Yama: becoming mindful.
[    1.732867] AppArmor: AppArmor initialized
[    1.738582] Dentry cache hash table entries: 524288 (order: 10, 4194304 bytes)
[    1.749476] Inode-cache hash table entries: 262144 (order: 9, 2097152 bytes)
[    1.754983] Mount-cache hash table entries: 8192 (order: 4, 65536 bytes)
[    1.760219] Mountpoint-cache hash table entries: 8192 (order: 4, 65536 bytes)
[    1.768523] Initializing cgroup subsys io
[    1.774249] Initializing cgroup subsys memory
[    1.780451] Initializing cgroup subsys devices
[    1.788641] Initializing cgroup subsys freezer
[    1.792221] Initializing cgroup subsys net_cls
[    1.794868] Initializing cgroup subsys perf_event
[    1.797764] Initializing cgroup subsys net_prio
[    1.800567] Initializing cgroup subsys hugetlb
[    1.803500] Initializing cgroup subsys pids
[    1.810283] mce: CPU supports 0 MCE banks
[    1.813060] Last level iTLB entries: 4KB 64, 2MB 8, 4MB 8
[    1.816403] Last level dTLB entries: 4KB 64, 2MB 0, 4MB 0, 1GB 4
[    1.819443] Spectre V1 : Mitigation: usercopy/swapgs barriers and __user pointer sanitization
[    1.824267] Spectre V2 : Mitigation: Full generic retpoline
[    1.827407] Spectre V2 : Spectre v2 / SpectreRSB mitigation: Filling RSB on context switch
[    1.832407] Speculative Store Bypass: Vulnerable
[    1.835548] MDS: Mitigation: Clear CPU buffers
[    1.846073] Freeing SMP alternatives memory: 36K
[    1.863365] ftrace: allocating 32308 entries in 127 pages
[    2.000150] smpboot: APIC(0) Converting physical 0 to logical package 0
[    2.002581] smpboot: Max logical packages: 1
[    2.004878] x2apic enabled
[    2.006659] Switched APIC routing to physical x2apic.
[    2.011068] ..TIMER: vector=0x30 apic1=0 pin1=2 apic2=-1 pin2=-1
[    2.121510] smpboot: CPU0: Intel(R) Core(TM) i7-8650U CPU @ 1.90GHz (family: 0x6, model: 0x8e, stepping: 0xa)
[    2.124861] Performance Events: unsupported p6 CPU model 142 no PMU driver, software events only.
[    2.144571] KVM setup paravirtual spinlock
[    2.147165] x86: Booting SMP configuration:
[    2.148568] .... node  #0, CPUs:      #1
[    2.150081] kvm-clock: cpu 1, msr 1:1ffef041, secondary cpu clock
[    2.153955] mce: CPU supports 0 MCE banks
[    2.156987] x86: Booted up 1 node, 2 CPUs
[    2.158699] smpboot: Total of 2 processors activated (8447.81 BogoMIPS)
[    2.161228] devtmpfs: initialized
[    2.166461] evm: security.selinux
[    2.167729] evm: security.SMACK64
[    2.168980] evm: security.SMACK64EXEC
[    2.170348] evm: security.SMACK64TRANSMUTE
[    2.171687] evm: security.SMACK64MMAP
[    2.172909] evm: security.ima
[    2.174072] evm: security.capability
[    2.175620] clocksource: jiffies: mask: 0xffffffff max_cycles: 0xffffffff, max_idle_ns: 7645041785100000 ns
[    2.178658] futex hash table entries: 512 (order: 3, 32768 bytes)
[    2.180622] pinctrl core: initialized pinctrl subsystem
[    2.182507] RTC time: 10:10:49, date: 05/22/20
[    2.184315] NET: Registered protocol family 16
[    2.193640] cpuidle: using governor ladder
[    2.205794] cpuidle: using governor menu
[    2.207359] PCCT header not found.
[    2.209007] ACPI: bus type PCI registered
[    2.210629] acpiphp: ACPI Hot Plug PCI Controller Driver version: 0.5
[    2.212625] PCI: Using configuration type 1 for base access
[    2.227217] ACPI: Added _OSI(Module Device)
[    2.229018] ACPI: Added _OSI(Processor Device)
[    2.230867] ACPI: Added _OSI(3.0 _SCP Extensions)
[    2.232780] ACPI: Added _OSI(Processor Aggregator Device)
[    2.236401] ACPI: Executed 1 blocks of module-level executable AML code
[    2.244517] ACPI: Interpreter enabled
[    2.246258] ACPI: (supports S0 S5)
[    2.247872] ACPI: Using IOAPIC for interrupt routing
[    2.250547] PCI: Using host bridge windows from ACPI; if necessary, use "pci=nocrs" and report a bug
[    2.262581] ACPI: PCI Root Bridge [PCI0] (domain 0000 [bus 00-ff])
[    2.264442] acpi PNP0A03:00: _OSC: OS supports [ASPM ClockPM Segments MSI]
[    2.267315] acpi PNP0A03:00: _OSC: not requesting OS control; OS requires [ExtendedConfig ASPM ClockPM MSI]
[    2.270232] acpi PNP0A03:00: fail to add MMCONFIG information, can't access extended PCI configuration space under this bridge.
[    2.274070] PCI host bridge to bus 0000:00
[    2.294058] pci_bus 0000:00: root bus resource [io  0x0000-0x0cf7 window]
[    2.296128] pci_bus 0000:00: root bus resource [io  0x0d00-0xffff window]
[    2.298152] pci_bus 0000:00: root bus resource [mem 0x000a0000-0x000bffff window]
[    2.300834] pci_bus 0000:00: root bus resource [mem 0xe0000000-0xfdffffff window]
[    2.303409] pci_bus 0000:00: root bus resource [bus 00-ff]
[    2.308407] pci 0000:00:01.1: legacy IDE quirk: reg 0x10: [io  0x01f0-0x01f7]
[    2.310851] pci 0000:00:01.1: legacy IDE quirk: reg 0x14: [io  0x03f6]
[    2.312964] pci 0000:00:01.1: legacy IDE quirk: reg 0x18: [io  0x0170-0x0177]
[    2.315310] pci 0000:00:01.1: legacy IDE quirk: reg 0x1c: [io  0x0376]
[    2.367516] pci 0000:00:07.0: quirk: [io  0x4000-0x403f] claimed by PIIX4 ACPI
[    2.370554] pci 0000:00:07.0: quirk: [io  0x4100-0x410f] claimed by PIIX4 SMB
[    2.408940] ACPI: PCI Interrupt Link [LNKA] (IRQs 5 9 10 *11)
[    2.412809] ACPI: PCI Interrupt Link [LNKB] (IRQs 5 9 *10 11)
[    2.416556] ACPI: PCI Interrupt Link [LNKC] (IRQs 5 *9 10 11)
[    2.420123] ACPI: PCI Interrupt Link [LNKD] (IRQs 5 9 10 *11)
[    2.423758] ACPI: Enabled 2 GPEs in block 00 to 07
[    2.426555] vgaarb: setting as boot device: PCI:0000:00:02.0
[    2.428797] vgaarb: device added: PCI:0000:00:02.0,decodes=io+mem,owns=io+mem,locks=none
[    2.432345] vgaarb: loaded
[    2.433792] vgaarb: bridge control possible 0000:00:02.0
[    2.436403] SCSI subsystem initialized
[    2.438238] ACPI: bus type USB registered
[    2.439960] usbcore: registered new interface driver usbfs
[    2.442029] usbcore: registered new interface driver hub
[    2.444219] usbcore: registered new device driver usb
[    2.446760] PCI: Using ACPI for IRQ routing
[    2.449191] NetLabel: Initializing
[    2.450827] NetLabel:  domain hash size = 128
[    2.452624] NetLabel:  protocols = UNLABELED CIPSOv4
[    2.455124] NetLabel:  unlabeled traffic allowed by default
[    2.457439] amd_nb: Cannot enumerate AMD northbridges
[    2.460571] clocksource: Switched to clocksource kvm-clock
[    2.477049] AppArmor: AppArmor Filesystem Enabled
[    2.479245] pnp: PnP ACPI init
[    2.482590] pnp: PnP ACPI: found 3 devices
[    2.499017] clocksource: acpi_pm: mask: 0xffffff max_cycles: 0xffffff, max_idle_ns: 2085701024 ns
[    2.503523] NET: Registered protocol family 2
[    2.506499] TCP established hash table entries: 32768 (order: 6, 262144 bytes)
[    2.509806] TCP bind hash table entries: 32768 (order: 7, 524288 bytes)
[    2.513679] TCP: Hash tables configured (established 32768 bind 32768)
[    2.516340] UDP hash table entries: 2048 (order: 4, 65536 bytes)
[    2.518777] UDP-Lite hash table entries: 2048 (order: 4, 65536 bytes)
[    2.521364] NET: Registered protocol family 1
[    2.523298] pci 0000:00:00.0: Limiting direct PCI/PCI transfers
[    2.525629] pci 0000:00:01.0: Activating ISA DMA hang workarounds
[    2.528558] Unpacking initramfs...
[    3.086638] Freeing initrd memory: 14880K
[    3.089692] PCI-DMA: Using software bounce buffering for IO (SWIOTLB)
[    3.093359] software IO TLB: mapped [mem 0xdbff0000-0xdfff0000] (64MB)
[    3.097582] clocksource: tsc: mask: 0xffffffffffffffff max_cycles: 0x1e714ced1dc, max_idle_ns: 440795248184 ns
[    3.103727] platform rtc_cmos: registered platform RTC device (no PNP device found)
[    3.107542] Scanning for low memory corruption every 60 seconds
[    3.111305] audit: initializing netlink subsys (disabled)
[    3.113990] audit: type=2000 audit(1590142257.081:1): initialized
[    3.118172] Initialise system trusted keyring
[    3.121619] HugeTLB registered 2 MB page size, pre-allocated 0 pages
[    3.128467] zbud: loaded
[    3.131185] VFS: Disk quotas dquot_6.6.0
[    3.133417] VFS: Dquot-cache hash table entries: 512 (order 0, 4096 bytes)
[    3.139783] squashfs: version 4.0 (2009/01/31) Phillip Lougher
[    3.146411] fuse init (API version 7.23)
[    3.149831] Key type big_key registered
[    3.152397] Allocating IMA MOK and blacklist keyrings.
[    3.163447] Key type asymmetric registered
[    3.166037] Asymmetric key parser 'x509' registered
[    3.169356] Block layer SCSI generic (bsg) driver version 0.4 loaded (major 249)
[    3.173542] io scheduler noop registered
[    3.175857] io scheduler deadline registered (default)
[    3.178788] io scheduler cfq registered
[    3.181391] pci_hotplug: PCI Hot Plug PCI Core version: 0.5
[    3.184155] pciehp: PCI Express Hot Plug Controller Driver version: 0.4
[    3.187947] ACPI: AC Adapter [AC] (off-line)
[    3.190597] input: Power Button as /devices/LNXSYSTM:00/LNXPWRBN:00/input/input0
[    3.194944] ACPI: Power Button [PWRF]
[    3.197258] input: Sleep Button as /devices/LNXSYSTM:00/LNXSLPBN:00/input/input1
[    3.201014] ACPI: Sleep Button [SLPF]
[    3.203757] GHES: HEST is not enabled!
[    3.205960] ACPI: Battery Slot [BAT0] (battery present)
[    3.209382] Serial: 8250/16550 driver, 32 ports, IRQ sharing enabled
[    3.234306] 00:02: ttyS0 at I/O 0x3f8 (irq = 4, base_baud = 115200) is a 16550A
[    3.245508] Linux agpgart interface v0.103
[    3.252904] loop: module loaded
[    3.256226] scsi host0: ata_piix
[    3.258969] scsi host1: ata_piix
[    3.261198] ata1: PATA max UDMA/33 cmd 0x1f0 ctl 0x3f6 bmdma 0xd000 irq 14
[    3.264665] ata2: PATA max UDMA/33 cmd 0x170 ctl 0x376 bmdma 0xd008 irq 15
[    3.267862] libphy: Fixed MDIO Bus: probed
[    3.270025] tun: Universal TUN/TAP device driver, 1.6
[    3.272342] tun: (C) 1999-2004 Max Krasnyansky <maxk@qualcomm.com>
[    3.275671] PPP generic driver version 2.4.2
[    3.278339] ehci_hcd: USB 2.0 'Enhanced' Host Controller (EHCI) Driver
[    3.281511] ehci-pci: EHCI PCI platform driver
[    3.283593] ehci-platform: EHCI generic platform driver
[    3.290335] ohci_hcd: USB 1.1 'Open' Host Controller (OHCI) Driver
[    3.296013] ohci-pci: OHCI PCI platform driver
[    3.298181] ohci-platform: OHCI generic platform driver
[    3.300841] uhci_hcd: USB Universal Host Controller Interface driver
[    3.304537] i8042: PNP: PS/2 Controller [PNP0303:PS2K,PNP0f03:PS2M] at 0x60,0x64 irq 1,12
[    3.309760] serio: i8042 KBD port at 0x60,0x64 irq 1
[    3.311976] serio: i8042 AUX port at 0x60,0x64 irq 12
[    3.315299] mousedev: PS/2 mouse device common for all mice
[    3.318585] input: AT Translated Set 2 keyboard as /devices/platform/i8042/serio0/input/input2
[    3.323564] rtc_cmos rtc_cmos: rtc core: registered rtc_cmos as rtc0
[    3.326692] rtc_cmos rtc_cmos: alarms up to one day, 114 bytes nvram
[    3.329448] i2c /dev entries driver
[    3.331388] device-mapper: uevent: version 1.0.3
[    3.334187] device-mapper: ioctl: 4.34.0-ioctl (2015-10-28) initialised: dm-devel@redhat.com
[    3.338442] ledtrig-cpu: registered to indicate activity on CPUs
[    3.342398] NET: Registered protocol family 10
[    3.345002] NET: Registered protocol family 17
[    3.347067] Key type dns_resolver registered
[    3.350676] registered taskstats version 1
[    3.353152] Loading compiled-in X.509 certificates
[    3.358522] Loaded X.509 cert 'Build time autogenerated kernel key: f33c437cc9123d9712070bdfe932b55b24c56047'
[    3.364772] zswap: loaded using pool lzo/zbud
[    3.372672] Key type trusted registered
[    3.382967] Key type encrypted registered
[    3.385072] AppArmor: AppArmor sha1 policy hashing enabled
[    3.387580] ima: No TPM chip found, activating TPM-bypass!
[    3.389978] ima: Allocated hash algorithm: sha1
[    3.392026] evm: HMAC attrs: 0x1
[    3.394536]   Magic number: 4:323:174
[    3.396455] rtc_cmos rtc_cmos: setting system clock to 2020-05-22 10:10:50 UTC (1590142250)
[    3.400433] BIOS EDD facility v0.16 2004-Jun-25, 0 devices found
[    3.403144] EDD information not available.
[    3.448557] Freeing unused kernel memory: 1488K
[    3.450465] Write protecting the kernel read-only data: 14336k
[    3.453502] Freeing unused kernel memory: 1604K
[    3.455728] Freeing unused kernel memory: 60K
Loading, please wait...
starting version 229
[    3.486696] random: systemd-udevd: uninitialized urandom read (16 bytes read, 5 bits of entropy available)
[    3.487846] random: udevadm: uninitialized urandom read (16 bytes read, 5 bits of entropy available)
[    3.489065] random: udevadm: uninitialized urandom read (16 bytes read, 5 bits of entropy available)
[    3.499480] random: systemd-udevd: uninitialized urandom read (16 bytes read, 5 bits of entropy available)
[    3.503408] random: systemd-udevd: uninitialized urandom read (16 bytes read, 5 bits of entropy available)
[    3.506721] random: udevadm: uninitialized urandom read (16 bytes read, 5 bits of entropy available)
[    3.506822] random: udevadm: uninitialized urandom read (16 bytes read, 5 bits of entropy available)
[    3.507119] random: udevadm: uninitialized urandom read (16 bytes read, 5 bits of entropy available)
[    3.507225] random: udevadm: uninitialized urandom read (16 bytes read, 5 bits of entropy available)
[    3.507326] random: udevadm: uninitialized urandom read (16 bytes read, 5 bits of entropy available)
[    3.621216] Fusion MPT base driver 3.04.20
[    3.623488] Copyright (c) 1999-2008 LSI Corporation
[    3.627853] e1000: Intel(R) PRO/1000 Network Driver - version 7.3.21-k8-NAPI
[    3.631570] e1000: Copyright (c) 1999-2006 Intel Corporation.
[    3.654908] Fusion MPT SPI Host driver 3.04.20
[    3.675793] AVX2 version of gcm_enc/dec engaged.
[    3.679082] AES CTR mode by8 optimization enabled
[    3.861360] input: ImExPS/2 Generic Explorer Mouse as /devices/platform/i8042/serio1/input/input4
[    4.135686] e1000 0000:00:03.0 eth0: (PCI:33MHz:32-bit) 02:cb:9c:89:30:63
[    4.139633] e1000 0000:00:03.0 eth0: Intel(R) PRO/1000 Network Connection
[    5.560083] e1000 0000:00:08.0 eth1: (PCI:33MHz:32-bit) 08:00:27:e5:5c:32
[    5.561894] e1000 0000:00:08.0 eth1: Intel(R) PRO/1000 Network Connection
[    5.564350] mptbase: ioc0: Initiating bringup
[    5.564448] e1000 0000:00:08.0 enp0s8: renamed from eth1
[    5.595946] e1000 0000:00:03.0 enp0s3: renamed from eth0
[    5.652986] ioc0: LSI53C1030 A0: Capabilities={Initiator}
[    5.815292] scsi host2: ioc0: LSI53C1030 A0, FwRev=00000000h, Ports=1, MaxQ=256, IRQ=20
[    5.929180] scsi 2:0:0:0: Direct-Access     VBOX     HARDDISK         1.0  PQ: 0 ANSI: 5
[    5.932726] scsi target2:0:0: Beginning Domain Validation
[    5.937813] scsi target2:0:0: Domain Validation skipping write tests
[    5.940721] scsi target2:0:0: Ending Domain Validation
[    5.943334] scsi target2:0:0: asynchronous
[    5.946372] scsi 2:0:1:0: Direct-Access     VBOX     HARDDISK         1.0  PQ: 0 ANSI: 5
[    5.949666] scsi target2:0:1: Beginning Domain Validation
[    5.954221] scsi target2:0:1: Domain Validation skipping write tests
[    5.956352] scsi target2:0:1: Ending Domain Validation
[    5.958668] scsi target2:0:1: asynchronous
[    5.970825] sd 2:0:0:0: [sda] 20971520 512-byte logical blocks: (10.7 GB/10.0 GiB)
[    5.974010] sd 2:0:0:0: Attached scsi generic sg0 type 0
[    5.977721] sd 2:0:1:0: [sdb] 20480 512-byte logical blocks: (10.5 MB/10.0 MiB)
[    5.980752] sd 2:0:1:0: Attached scsi generic sg1 type 0
[    5.981027] sd 2:0:0:0: [sda] Write Protect is off
[    5.981164] sd 2:0:0:0: [sda] Incomplete mode parameter data
[    5.981167] sd 2:0:0:0: [sda] Assuming drive cache: write through
[    5.982815]  sda: sda1
[    5.984215] sd 2:0:0:0: [sda] Attached SCSI disk
[    5.985437] sd 2:0:1:0: [sdb] Write Protect is off
[    5.985720] sd 2:0:1:0: [sdb] Incomplete mode parameter data
[    5.985724] sd 2:0:1:0: [sdb] Assuming drive cache: write through
[    5.989876] sd 2:0:1:0: [sdb] Attached SCSI disk
Begin: Loading essential drivers ... [    7.806569] md: linear personality registered for level -1
[    7.816238] md: multipath personality registered for level -4
[    7.822476] md: raid0 personality registered for level 0
[    7.830345] md: raid1 personality registered for level 1
[    7.904703] raid6: sse2x1   gen()  4623 MB/s
[    7.972636] raid6: sse2x1   xor()  3517 MB/s
[    8.040633] raid6: sse2x2   gen()  6119 MB/s
[    8.108688] raid6: sse2x2   xor()  4063 MB/s
[    8.176680] raid6: sse2x4   gen()  7019 MB/s
[    8.244652] raid6: sse2x4   xor()  4901 MB/s
[    8.312674] raid6: avx2x1   gen()  8984 MB/s
[    8.380674] raid6: avx2x2   gen() 10821 MB/s
[    8.448641] raid6: avx2x4   gen() 11865 MB/s
[    8.450528] raid6: using algorithm avx2x4 gen() 11865 MB/s
[    8.452680] raid6: using avx2x2 recovery algorithm
[    8.457326] xor: automatically using best checksumming function:
[    8.496633]    avx       : 11418.000 MB/sec
[    8.502033] async_tx: api initialized (async)
[    8.523795] md: raid6 personality registered for level 6
[    8.526575] md: raid5 personality registered for level 5
[    8.528609] md: raid4 personality registered for level 4
[    8.543545] md: raid10 personality registered for level 10
done.
Begin: Running /scripts/init-premount ... done.
Begin: Mounting root file system ... Begin: Running /scripts/local-top ... done.
Begin: Running /scripts/local-premount ... [    8.616088] Btrfs loaded
Scanning for Btrfs filesystems
done.
Warning: fsck not present, so skipping root file system
[    8.664989] EXT4-fs (sda1): mounted filesystem with ordered data mode. Opts: (null)
done.
Begin: Running /scripts/local-bottom ... done.
Begin: Running /scripts/init-bottom ... done.
[    8.832923] systemd[1]: systemd 229 running in system mode. (+PAM +AUDIT +SELINUX +IMA +APPARMOR +SMACK +SYSVINIT +UTMP +LIBCRYPTSETUP +GCRYPT +GNUTLS +ACL +XZ -LZ4 +SECCOMP +BLKID +ELFUTILS +KMOD -IDN)
[    8.840796] systemd[1]: Detected virtualization oracle.
[    8.843161] systemd[1]: Detected architecture x86-64.

Welcome to [1mUbuntu 16.04.6 LTS[0m!

[    8.849416] systemd[1]: Set hostname to <ubuntu>.
[    8.854746] systemd[1]: Initializing machine ID from random generator.
[    8.857283] systemd[1]: Installed transient /etc/machine-id file.
[    9.066229] systemd[1]: Listening on Journal Socket (/dev/log).
[[0;32m  OK  [0m] Listening on Journal Socket (/dev/log).
[    9.070643] systemd[1]: Listening on Syslog Socket.
[[0;32m  OK  [0m] Listening on Syslog Socket.
[    9.074403] systemd[1]: Listening on /dev/initctl Compatibility Named Pipe.
[[0;32m  OK  [0m] Listening on /dev/initctl Compatibility Named Pipe.
[    9.078806] systemd[1]: Listening on udev Control Socket.
[[0;32m  OK  [0m] Listening on udev Control Socket.
[    9.082376] systemd[1]: Listening on Device-mapper event daemon FIFOs.
[[0;32m  OK  [0m] Listening on Device-mapper event daemon FIFOs.
[    9.085620] systemd[1]: Reached target System Time Synchronized.
[[0;32m  OK  [0m] Reached target System Time Synchronized.
[    9.089079] systemd[1]: Started Forward Password Requests to Wall Directory Watch.
[[0;32m  OK  [0m] Started Forward Password Requests to Wall Directory Watch.
[    9.100950] systemd[1]: Listening on LVM2 metadata daemon socket.
[[0;32m  OK  [0m] Listening on LVM2 metadata daemon socket.
[    9.105041] systemd[1]: Listening on Journal Audit Socket.
[[0;32m  OK  [0m] Listening on Journal Audit Socket.
[    9.109322] systemd[1]: Created slice System Slice.
[[0;32m  OK  [0m] Created slice System Slice.
[    9.113410] systemd[1]: Created slice system-serial\x2dgetty.slice.
[[0;32m  OK  [0m] Created slice system-serial\x2dgetty.slice.
[    9.117722] systemd[1]: Listening on udev Kernel Socket.
[[0;32m  OK  [0m] Listening on udev Kernel Socket.
[    9.121494] systemd[1]: Reached target User and Group Name Lookups.
[[0;32m  OK  [0m] Reached target User and Group Name Lookups.
[    9.128919] systemd[1]: Reached target Swap.
[[0;32m  OK  [0m] Reached target Swap.
[    9.132536] systemd[1]: Started Trigger resolvconf update for networkd DNS.
[[0;32m  OK  [0m] Started Trigger resolvconf update for networkd DNS.
[    9.138139] systemd[1]: Created slice User and Session Slice.
[[0;32m  OK  [0m] Created slice User and Session Slice.
[    9.142670] systemd[1]: Reached target Slices.
[[0;32m  OK  [0m] Reached target Slices.
[    9.146412] systemd[1]: Reached target Encrypted Volumes.
[[0;32m  OK  [0m] Reached target Encrypted Volumes.
[    9.150689] systemd[1]: Listening on Journal Socket.
[[0;32m  OK  [0m] Listening on Journal Socket.
[    9.168824] systemd[1]: Mounting Huge Pages File System...
         Mounting Huge Pages File System...
[    9.174742] systemd[1]: Starting Uncomplicated firewall...
         Starting Uncomplicated firewall...
[    9.181074] systemd[1]: Starting Set console keymap...
         Starting Set console keymap...
[    9.186117] systemd[1]: Starting Monitoring of LVM2 mirrors, snapshots etc. using dmeventd or progress polling...
         Starting Monitoring of LVM2 mirrors... dmeventd or progress polling...
[    9.196491] systemd[1]: Starting Load Kernel Modules...
         Starting Load Kernel Modules...
[    9.203887] systemd[1]: Starting Remount Root and Kernel File Systems...
         Starting Remount Root and Kernel File Systems...
[    9.213979] systemd[1]: Mounting POSIX Message Queue File System...
         Mounting POSIX Message Queue File System...
[    9.227851] systemd[1]: Starting Create list of required static device nodes for the current kernel...
         Starting Create list of required st... nodes for the current kernel...
[    9.238328] EXT4-fs (sda1): re-mounted. Opts: (null)
[    9.240491] systemd[1]: Starting Journal Service...
         Starting Journal Service...
[    9.248624] systemd[1]: Mounting Debug File System...
[    9.253822] Loading iSCSI transport class v2.0-870.
         Mounting Debug File System...
[    9.261730] systemd[1]: Listening on LVM2 poll daemon socket.
[[0;32m  OK  [0m] Listening on LVM2 poll daemon socket.
[    9.273606] systemd[1]: Set up automount Arbitrary Executable File Formats File System Automount Point.
[[0;32m  OK  [0m] Set up automount Arbitrary Executab...ats File System Automount Point.
[    9.287403] iscsi: registered transport (tcp)
[    9.304329] systemd[1]: Starting Nameserver information manager...
         Starting Nameserver information manager...
[    9.312082] systemd[1]: Mounted POSIX Message Queue File System.
[[0;32m  OK  [0m] Mounted POSIX Message Queue File System.
[    9.316452] systemd[1]: Mounted Debug File System.
[[0;32m  OK  [0m] Mounted Debug File System.
[    9.320001] systemd[1]: Mounted Huge Pages File System.
[[0;32m  OK  [0m] Mounted Huge Pages File System.
[    9.323944] systemd[1]: Started Journal Service.
[[0;32m  OK  [0m] Started Journal Service.
[[0;32m  OK  [0m] Started Uncomplicated firewall.
[[0;32m  OK  [0m] Started Remount Root and Kernel File Systems.
[[0;32m  OK  [0m] Started Create list of required sta...ce nodes for the current kernel.
[    9.345753] iscsi: registered transport (iser)
[[0;32m  OK  [0m] Started Load Kernel Modules.
[[0;32m  OK  [0m] Started Nameserver information manager.
[[0;32m  OK  [0m] Started LVM2 metadata daemon.
         Starting Apply Kernel Variables...
         Mounting FUSE Control File System...
         Starting Create Static Device Nodes in /dev...
         Starting Load/Save Random Seed...
         Starting udev Coldplug all Devices...
         Starting Flush Journal to Persistent Storage...
[[0;32m  OK  [0m] Mounted FUSE Control File System.
[[0;32m  OK  [0m] Started Load/Save Random Seed.
[    9.400949] random: nonblocking pool is initialized
[    9.416482] systemd-journald[391]: Received request to flush runtime journal from PID 1
[[0;32m  OK  [0m] Started Flush Journal to Persistent Storage.
[[0;32m  OK  [0m] Started Apply Kernel Variables.
[[0;32m  OK  [0m] Started Create Static Device Nodes in /dev.
         Starting udev Kernel Device Manager...
[[0;32m  OK  [0m] Started Set console keymap.
[[0;32m  OK  [0m] Started udev Kernel Device Manager.
[[0;32m  OK  [0m] Started udev Coldplug all Devices.
[[0;32m  OK  [0m] Started Dispatch Password Requests to Console Directory Watch.
[[0;32m  OK  [0m] Started Monitoring of LVM2 mirrors,...ng dmeventd or progress polling.
[[0;32m  OK  [0m] Reached target Local File Systems (Pre).
[[0;32m  OK  [0m] Reached target Local File Systems.
         Starting Tell Plymouth To Write Out Runtime Data...
         Starting Commit a transient machine-id on disk...
         Starting Set console font and keymap...
         Starting Initial cloud-init job (pre-networking)...
         Starting Create Volatile Files and Directories...
         Starting LSB: AppArmor initialization...
[[0;32m  OK  [0m] Started Tell Plymouth To Write Out Runtime Data.
[[0;32m  OK  [0m] Started Create Volatile Files and Directories.
         Starting Update UTMP about System Boot/Shutdown...
[[0;32m  OK  [0m] Started Commit a transient machine-id on disk.
[[0;32m  OK  [0m] Started Update UTMP about System Boot/Shutdown.
[[0;32m  OK  [0m] Found device /dev/ttyS0.
[[0;32m  OK  [0m] Listening on Load/Save RF Kill Switch Status /dev/rfkill Watch.
[[0;32m  OK  [0m] Started Set console font and keymap.
[[0;32m  OK  [0m] Created slice system-getty.slice.
[   11.866621] cloud-init[492]: Cloud-init v. 19.4-33-gbb4131a2-0ubuntu1~16.04.1 running 'init-local' at Fri, 22 May 2020 10:10:59 +0000. Up 10.41 seconds.
[[0;32m  OK  [0m] Started Initial cloud-init job (pre-networking).
[[0;32m  OK  [0m] Reached target Network (Pre).
[[0;32m  OK  [0m] Started LSB: AppArmor initialization.
         Starting Raise network interfaces...
[[0;32m  OK  [0m] Started Raise network interfaces.
         Starting Initial cloud-init job (metadata service crawler)...
[[0;32m  OK  [0m] Reached target Network.
[   17.439899] cloud-init[969]: Cloud-init v. 19.4-33-gbb4131a2-0ubuntu1~16.04.1 running 'init' at Fri, 22 May 2020 10:11:04 +0000. Up 15.97 seconds.
[   17.451526] cloud-init[969]: ci-info: ++++++++++++++++++++++++++++++++++++++Net device info+++++++++++++++++++++++++++++++++++++++
[   17.456115] cloud-init[969]: ci-info: +--------+-------+----------------------------+---------------+--------+-------------------+
[   17.463674] cloud-init[969]: ci-info: | Device |   Up  |          Address           |      Mask     | Scope  |     Hw-Address    |
[   17.467261] cloud-init[969]: ci-info: +--------+-------+----------------------------+---------------+--------+-------------------+
[   17.471908] cloud-init[969]: ci-info: | enp0s3 |  True |         10.0.2.15          | 255.255.255.0 | global | 02:cb:9c:89:30:63 |
[   17.475299] cloud-init[969]: ci-info: | enp0s3 |  True | fe80::cb:9cff:fe89:3063/64 |       .       |  link  | 02:cb:9c:89:30:63 |
[   17.485673] cloud-init[969]: ci-info: | enp0s8 | False |             .              |       .       |   .    | 08:00:27:e5:5c:32 |
[   17.496826] cloud-init[969]: ci-info: |   lo   |  True |         127.0.0.1          |   255.0.0.0   |  host  |         .         |
[   17.499387] cloud-init[969]: ci-info: |   lo   |  True |          ::1/128           |       .       |  host  |         .         |
[   17.508879] cloud-init[969]: ci-info: +--------+-------+----------------------------+---------------+--------+-------------------+
[   17.516822] cloud-init[969]: ci-info: +++++++++++++++++++++++++++Route IPv4 info++++++++++++++++++++++++++++
[   17.525181] cloud-init[969]: ci-info: +-------+-------------+----------+---------------+-----------+-------+
[   17.528155] cloud-init[969]: ci-info: | Route | Destination | Gateway  |    Genmask    | Interface | Flags |
[   17.536918] cloud-init[969]: ci-info: +-------+-------------+----------+---------------+-----------+-------+
[   17.544955] cloud-init[969]: ci-info: |   0   |   0.0.0.0   | 10.0.2.2 |    0.0.0.0    |   enp0s3  |   UG  |
[   17.548430] cloud-init[969]: ci-info: |   1   |   10.0.2.0  | 0.0.0.0  | 255.255.255.0 |   enp0s3  |   U   |
[   17.556854] cloud-init[969]: ci-info: +-------+-------------+----------+---------------+-----------+-------+
[   17.564958] cloud-init[969]: ci-info: +++++++++++++++++++Route IPv6 info+++++++++++++++++++
[   17.569043] cloud-init[969]: ci-info: +-------+-------------+---------+-----------+-------+
[   17.573128] cloud-init[969]: ci-info: | Route | Destination | Gateway | Interface | Flags |
[   17.584999] cloud-init[969]: ci-info: +-------+-------------+---------+-----------+-------+
[   17.588999] cloud-init[969]: ci-info: |   0   |  fe80::/64  |    ::   |   enp0s3  |   U   |
[   17.594622] cloud-init[969]: ci-info: |   4   |   ff00::/8  |    ::   |   enp0s3  |   U   |
[   17.597323] cloud-init[969]: ci-info: +-------+-------------+---------+-----------+-------+
[   17.601061] cloud-init[969]: Generating public/private rsa key pair.
[   17.605191] cloud-init[969]: Your identification has been saved in /etc/ssh/ssh_host_rsa_key.
[   17.612844] cloud-init[969]: Your public key has been saved in /etc/ssh/ssh_host_rsa_key.pub.
[   17.613753] cloud-init[969]: The key fingerprint is:
[[0;32m  OK  [0m] Started Initial cloud-init job (metadata service crawler).
[   17.614187] cloud-init[969]: SHA256:ULtO5m/NPWpRQ8FplcDflilAl2RKul19HwJjVFcJnY8 root@ubuntu-xenial
[   17.620375] cloud-init[969]: The key's randomart image is:
[   17.620820] cloud-init[969]: +---[RSA 2048]----+
[[0;32m  OK  [0m] Reached target Cloud-config availability.
[   17.621031] cloud-init[969]: |        . oB+O*=B|
[   17.629094] cloud-init[969]: |       . .+.*oB= |
[[0;32m  OK  [0m] Reached target System Initialization.
[[0;32m  OK  [0m] Listening on UUID daemon activation socket.
[[0;32m  OK  [0m] Listening on ACPID Listen Socket.
[[0;32m  OK  [0m] Listening on D-Bus System Message Bus Socket.
[[0;32m  OK  [0m] Started Message of the Day.
[   17.629216] cloud-init[969]: |      . .. ..=.+*|
[   17.666643] cloud-init[969]: |       . .o ..E+B|
[   17.669158] cloud-init[969]: |        S. . ..o.|
[   17.680402] cloud-init[969]: |       =    .    |
[   17.680600] cloud-init[969]: |        o  o o   |
[   17.680793] cloud-init[969]: |         .. + o  |
[   17.680893] cloud-init[969]: |         ..... . |
[   17.680989] cloud-init[969]: +----[SHA256]-----+
[   17.681084] cloud-init[969]: Generating public/private dsa key pair.
[   17.681357] cloud-init[969]: Your identification has been saved in /etc/ssh/ssh_host_dsa_key.
[   17.681610] cloud-init[969]: Your public key has been saved in /etc/ssh/ssh_host_dsa_key.pub.
[   17.681772] cloud-init[969]: The key fingerprint is:
[   17.681868] cloud-init[969]: SHA256:EcFFYp0bVgGShehTY0rUncQP/e/2SJyqqkLxiKylkGg root@ubuntu-xenial
[   17.681964] cloud-init[969]: The key's randomart image is:
[   17.682057] cloud-init[969]: +---[DSA 1024]----+
[   17.682229] cloud-init[969]: |     ..+*%**o.   |
[   17.682419] cloud-init[969]: |      o.O+X .    |
[   17.682614] cloud-init[969]: |     o +.o = .   |
[   17.682708] cloud-init[969]: |    . +  .. . .  |
[   17.682801] cloud-init[969]: |.o . + .S      . |
[   17.682896] cloud-init[969]: |+E+ o .      . ..|
[   17.683114] cloud-init[969]: |o+ .          +. |
[   17.683479] cloud-init[969]: |o   .        o .o|
[   17.683617] cloud-init[969]: |     ........ ..o|
[   17.683866] cloud-init[969]:          Starting LXD - unix socket.
         Starting Socket activation for snappy daemon.
[[0;32m  OK  [0m] Started Daily Cleanup of Temporary Directories.
+----[SHA256]-----+
[   17.711746] cloud-init[969]: Generating public/private ecdsa key pair.
[   17.713384] cloud-init[969]: Your identification has been saved in /etc/ssh/ssh_host_ecdsa_key.
[   17.716172] cloud-init[969]: Your public key has been saved in /etc/ssh/ssh_host_ecdsa_key.pub.
[   17.719198] cloud-init[969]: The key fingerprint is:
[[0;32m  OK  [0m] Started ACPI Events Check.
[[0;32m  OK  [0m] Reached target Paths.
[[0;32m  OK  [0m] Started Daily apt download activities.
[   17.723669] cloud-init[969]: SHA256:T6l1SNDJpVwl+60bL1HbljG+KzE1uxKeCmJ340pFX/A root@ubuntu-xenial
[   17.734628] cloud-init[969]: The key's randomart image is:
[[0;32m  OK  [0m] Started Daily apt upgrade and clean activities.
[[0;32m  OK  [0m] Reached target Timers.
[[0;32m  OK  [0m] Reached target Network is Online.
[   17.739516] cloud-init[969]: +---[ECDSA 256]---+
[   17.749691] cloud-init[969]: |        .o o+o.  |
[   17.756463] cloud-init[969]: |         o+o oo  |
[   17.764686] cloud-init[969]: |          +..  E |
[   17.766863]          Starting iSCSI initiator daemon (iscsid)...
cloud-init[969]: |         ..o...*.|
[   17.769848] [cloud-init[0;32m  OK  [0m[969]: ] |        S =...+.X|Listening on LXD - unix socket.

[[0;32m  OK  [0m] Listening on Socket activation for snappy daemon.
[   17.770962] [[0;32m  OK  [0m] Reached target Sockets.
[[0;32m  OK  [0m] Reached target Basic System.
cloud-init[969]: |         =.. +.*o|         Starting LSB: Record successful boot for GRUB...
[[0;32m  OK  [0m] Started Deferred execution scheduler.

[   17.784340] cloud-init[969]: |       o.+.o. Boo|
         Starting /etc/rc.local Compatibility...
[   17.791916] cloud-init[969]: |      . + + .=.* |
[   17.796967] cloud-init[969]: |         ..o. +oo|
         Starting Pollinate to seed the pseudo random number generator...
[   17.805401] cloud-init[969]: +----[SHA256]-----+
[   17.811198] cloud-init[969]: Generating public/private ed25519 key pair.
[   17.820545] cloud-init[969]: Your identification has been saved in /etc/ssh/ssh_host_ed25519_key.
[   17.823418] cloud-init[969]: Your public key has been saved in /etc/ssh/ssh_host_ed25519_key.pub.
[[0;32m  OK  [0m] Started D-Bus System Message Bus.
[   17.832277] cloud-init[969]: The key fingerprint is:
[   17.852718] cloud-init[969]: SHA256:HUrXqVYBKpUmxk98I2DFI5fNVuv7aRoBu6Pn/d6FCmg root@ubuntu-xenial
[   17.861934] cloud-init[969]: The key's randomart image is:
[   17.864432] cloud-init[969]: +--[ED25519 256]--+
[   17.869918] cloud-init[969]: |     .o=o=.oo    |
[   17.872040] cloud-init[969]: |     .=.@.*. +   |
[   17.875748] cloud-init[969]: |     ..Bo=+.=    |
[   17.879010] cloud-init[969]: |       o.+ B     |
[   17.880879] cloud-init[969]: |        S = o    |
[   17.884022] cloud-init[969]: |         o . o . |
[   17.886532] cloud-init[969]: |        E + o . .|
         Starting Login Service...
[   17.890872] [[0;32m  OK  [0m] Started FUSE filesystem for LXC.
         Starting System Logging Service...
cloud-init[969]:          Starting Virtualbox guest utils...
|       . ..+ +.o.|
[   17.906827] [[0;32m  OK  [0m] Started Regular background program processing daemon.
         Starting LSB: MD monitoring daemon...
cloud-init[969]: |        .o. +== .|
[   17.918740] cloud-init[969]: +----[SHA256]-----+
[[0;32m  OK  [0m] Started ACPI event daemon.
         Starting LXD - container startup/shutdown...
         Starting Accounts Service...
         Starting Snappy daemon...
[[0;32m  OK  [0m] Started System Logging Service.
[[0;32m  OK  [0m] Started /etc/rc.local Compatibility.
[[0;32m  OK  [0m] Started iSCSI initiator daemon (iscsid).
         Starting Login to default iSCSI targets...
[[0;32m  OK  [0m] Started Login Service.
[[0;32m  OK  [0m] Started Unattended Upgrades Shutdown.
[[0;32m  OK  [0m] Started LSB: Record successful boot for GRUB.
[[0;32m  OK  [0m] Started LSB: MD monitoring daemon.
         Starting Authenticate and Authorize Users to Run Privileged Tasks...
[[0;32m  OK  [0m] Started Login to default iSCSI targets.
[[0;32m  OK  [0m] Reached target Remote File Systems (Pre).
[[0;32m  OK  [0m] Reached target Remote File Systems.
         Starting LSB: Set the CPU Frequency Scaling governor to "ondemand"...
         Starting LSB: daemon to balance interrupts for SMP systems...
         Starting LSB: automatic crash report generation...
         Starting Permit User Sessions...
[[0;32m  OK  [0m] Started Permit User Sessions.
         Starting Terminate Plymouth Boot Screen...
         Starting Hold until boot process finishes up...
[[0;32m  OK  [0m] Started Hold until boot process finishes up.
[[0;32m  OK  [0m] Started Terminate Plymouth Boot Screen.
         Starting Set console scheme...
[[0;32m  OK  [0m] Started Serial Getty on ttyS0.
[[0;32m  OK  [0m] Started Getty on tty1.
[[0;32m  OK  [0m] Reached target Login Prompts.
[[0;32m  OK  [0m] Started Set console scheme.
[[0;32m  OK  [0m] Started LSB: Set the CPU Frequency Scaling governor to "ondemand".
[[0;32m  OK  [0m] Started Authenticate and Authorize Users to Run Privileged Tasks.
[[0;32m  OK  [0m] Started Accounts Service.
[[0;32m  OK  [0m] Started LSB: daemon to balance interrupts for SMP systems.
[[0;32m  OK  [0m] Started LSB: automatic crash report generation.
[[0;32m  OK  [0m] Started LXD - container startup/shutdown.
[[0;32m  OK  [0m] Started Virtualbox guest utils.
[[0;32m  OK  [0m] Started Snappy daemon.
         Starting Wait until snapd is fully seeded...

Ubuntu 16.04.6 LTS ubuntu-xenial ttyS0

ubuntu-xenial login: [   26.648778] cloud-init[1355]: Generating locales (this might take a while)...
[   29.284593] cloud-init[1355]:   en_US.UTF-8... done
[   29.285497] cloud-init[1355]: Generation complete.
[   29.821908] cloud-init[1355]: Cloud-init v. 19.4-33-gbb4131a2-0ubuntu1~16.04.1 running 'modules:config' at Fri, 22 May 2020 10:11:15 +0000. Up 26.28 seconds.
ci-info: no authorized SSH keys fingerprints found for user ubuntu.
<14>May 22 10:11:20 ec2: 
<14>May 22 10:11:20 ec2: #############################################################
<14>May 22 10:11:20 ec2: -----BEGIN SSH HOST KEY FINGERPRINTS-----
<14>May 22 10:11:20 ec2: 1024 SHA256:EcFFYp0bVgGShehTY0rUncQP/e/2SJyqqkLxiKylkGg root@ubuntu-xenial (DSA)
<14>May 22 10:11:20 ec2: 256 SHA256:T6l1SNDJpVwl+60bL1HbljG+KzE1uxKeCmJ340pFX/A root@ubuntu-xenial (ECDSA)
<14>May 22 10:11:20 ec2: 256 SHA256:HUrXqVYBKpUmxk98I2DFI5fNVuv7aRoBu6Pn/d6FCmg root@ubuntu-xenial (ED25519)
<14>May 22 10:11:20 ec2: 2048 SHA256:ULtO5m/NPWpRQ8FplcDflilAl2RKul19HwJjVFcJnY8 root@ubuntu-xenial (RSA)
<14>May 22 10:11:20 ec2: -----END SSH HOST KEY FINGERPRINTS-----
<14>May 22 10:11:20 ec2: #############################################################
-----BEGIN SSH HOST KEY KEYS-----
ecdsa-sha2-nistp256 AAAAE2VjZHNhLXNoYTItbmlzdHAyNTYAAAAIbmlzdHAyNTYAAABBBGNjk1OfWSFIJzJfWsq7JaYxS3fSv+qHQHcW2K64UIcxTQ6yUVi1sw3fdIUkTMcg/1TKH+5uPSV5KQFf1tcsayY= root@ubuntu-xenial
ssh-ed25519 AAAAC3NzaC1lZDI1NTE5AAAAIPnjVIixdkEb5NiS+fTXppBql7rpgQ25jjpClx8UZw44 root@ubuntu-xenial
ssh-rsa AAAAB3NzaC1yc2EAAAADAQABAAABAQC+ighzlXJzOivYxbkvdUkzzsZl2bOxKKnKRN6SpKruWbHzEaAZASORKgFGQ3sIwPLgKHdFIGvS++zCHr9kRJdLO4deeDr6QIo9o4S5PKteVraUi4Y7VVGAYyfx3qtIpNWPFsXyVNOQe8Q1yQz7uKrJCruwZl6m5H+sTewVt5n0m156UnBPVMUxnQNC9PCGxMU7vNYHXTTDqJp9JAY2bsuii9Q4zNZ8MPd7Ntp6n94c3nUTf3BaN3YSHrhv9drdLV1VxWTBQxP0dg1S2iBq1/M9E3U8hbs8HRvSuivRzwZsc9ZxQzUzFCPwGAjg3KqTuRKSwZWXOwcoxDgPfTULbSeN root@ubuntu-xenial
-----END SSH HOST KEY KEYS-----
[   31.370884] cloud-init[1541]: Cloud-init v. 19.4-33-gbb4131a2-0ubuntu1~16.04.1 running 'modules:final' at Fri, 22 May 2020 10:11:19 +0000. Up 30.95 seconds.
[   31.376041] cloud-init[1541]: ci-info: no authorized SSH keys fingerprints found for user ubuntu.
[   31.379925] cloud-init[1541]: Cloud-init v. 19.4-33-gbb4131a2-0ubuntu1~16.04.1 finished at Fri, 22 May 2020 10:11:20 +0000. Datasource DataSourceNoCloud [seed=/dev/sdb][dsmode=net].  Up 31.34 seconds
